  [1m[35m (209.7ms)[0m  [1m[35mCREATE DATABASE "biergarten_api_development" ENCODING = 'unicode'[0m
  [1m[35m (108.6ms)[0m  [1m[35mCREATE DATABASE "biergarten_api_test" ENCODING = 'unicode'[0m
  [1m[35m (7.6ms)[0m  [1m[35mCREATE TABLE "schema_migrations" ("version" character varying NOT NULL PRIMARY KEY)[0m
  [1m[35m (6.0ms)[0m  [1m[35mCREATE TABLE "ar_internal_metadata" ("key" character varying NOT NULL PRIMARY KEY, "value" character varying, "created_at" timestamp(6) NOT NULL, "updated_at" timestamp(6) NOT NULL)[0m
  [1m[35m (0.9ms)[0m  [1m[34mSELECT pg_try_advisory_lock(8187680226028313640)[0m
  [1m[35m (0.5ms)[0m  [1m[34mSELECT "schema_migrations"."version" FROM "schema_migrations" ORDER BY "schema_migrations"."version" ASC[0m
Migrating to CreateBeers (20200805153040)
  [1m[35m (0.2ms)[0m  [1m[35mBEGIN[0m
  [1m[35m (5.2ms)[0m  [1m[35mCREATE TABLE "beers" ("id" bigserial primary key, "name" character varying, "brewery" character varying, "img_url" character varying, "style" character varying, "abv" float, "description" character varying, "tasting_notes" character varying, "likes" integer, "recommended_drinking" character varying, "created_at" timestamp(6) NOT NULL, "updated_at" timestamp(6) NOT NULL)[0m
  [1m[36mprimary::SchemaMigration Create (0.4ms)[0m  [1m[32mINSERT INTO "schema_migrations" ("version") VALUES ($1) RETURNING "version"[0m  [["version", "20200805153040"]]
  [1m[35m (0.5ms)[0m  [1m[35mCOMMIT[0m
Migrating to CreateUsers (20200805153417)
  [1m[35m (0.4ms)[0m  [1m[35mBEGIN[0m
  [1m[35m (4.7ms)[0m  [1m[35mCREATE TABLE "users" ("id" bigserial primary key, "username" character varying, "email" character varying, "zipcode" character varying, "password" character varying, "created_at" timestamp(6) NOT NULL, "updated_at" timestamp(6) NOT NULL)[0m
  [1m[36mprimary::SchemaMigration Create (0.2ms)[0m  [1m[32mINSERT INTO "schema_migrations" ("version") VALUES ($1) RETURNING "version"[0m  [["version", "20200805153417"]]
  [1m[35m (0.3ms)[0m  [1m[35mCOMMIT[0m
Migrating to CreateReviews (20200805153437)
  [1m[35m (0.2ms)[0m  [1m[35mBEGIN[0m
  [1m[35m (5.7ms)[0m  [1m[35mCREATE TABLE "reviews" ("id" bigserial primary key, "content" character varying, "user_id" integer, "beer_id" integer, "created_at" timestamp(6) NOT NULL, "updated_at" timestamp(6) NOT NULL)[0m
  [1m[36mprimary::SchemaMigration Create (0.2ms)[0m  [1m[32mINSERT INTO "schema_migrations" ("version") VALUES ($1) RETURNING "version"[0m  [["version", "20200805153437"]]
  [1m[35m (0.4ms)[0m  [1m[35mCOMMIT[0m
Migrating to CreateFavorites (20200805153448)
  [1m[35m (0.2ms)[0m  [1m[35mBEGIN[0m
  [1m[35m (3.1ms)[0m  [1m[35mCREATE TABLE "favorites" ("id" bigserial primary key, "user_id" integer, "beer_id" integer, "created_at" timestamp(6) NOT NULL, "updated_at" timestamp(6) NOT NULL)[0m
  [1m[36mprimary::SchemaMigration Create (0.2ms)[0m  [1m[32mINSERT INTO "schema_migrations" ("version") VALUES ($1) RETURNING "version"[0m  [["version", "20200805153448"]]
  [1m[35m (0.4ms)[0m  [1m[35mCOMMIT[0m
  [1m[36mActiveRecord::InternalMetadata Load (0.4ms)[0m  [1m[34mSELECT "ar_internal_metadata".* FROM "ar_internal_metadata" WHERE "ar_internal_metadata"."key" = $1 LIMIT $2[0m  [["key", "environment"], ["LIMIT", 1]]
  [1m[35m (0.1ms)[0m  [1m[35mBEGIN[0m
  [1m[36mActiveRecord::InternalMetadata Create (0.4ms)[0m  [1m[32mINSERT INTO "ar_internal_metadata" ("key", "value", "created_at", "updated_at") VALUES ($1, $2, $3, $4) RETURNING "key"[0m  [["key", "environment"], ["value", "development"], ["created_at", "2020-08-05 15:54:30.224650"], ["updated_at", "2020-08-05 15:54:30.224650"]]
  [1m[35m (0.3ms)[0m  [1m[35mCOMMIT[0m
  [1m[35m (0.3ms)[0m  [1m[34mSELECT pg_advisory_unlock(8187680226028313640)[0m
  [1m[35m (0.7ms)[0m  [1m[34mSELECT "schema_migrations"."version" FROM "schema_migrations" ORDER BY "schema_migrations"."version" ASC[0m
  [1m[35m (0.2ms)[0m  [1m[34mSELECT pg_try_advisory_lock(8187680226028313640)[0m
  [1m[35m (0.6ms)[0m  [1m[34mSELECT "schema_migrations"."version" FROM "schema_migrations" ORDER BY "schema_migrations"."version" ASC[0m
Migrating to AddColumnToReview (20200805173101)
  [1m[35m (0.2ms)[0m  [1m[35mBEGIN[0m
  [1m[35m (2.9ms)[0m  [1m[35mALTER TABLE "reviews" ADD "rating" float[0m
  [1m[36mprimary::SchemaMigration Create (0.4ms)[0m  [1m[32mINSERT INTO "schema_migrations" ("version") VALUES ($1) RETURNING "version"[0m  [["version", "20200805173101"]]
  [1m[35m (0.7ms)[0m  [1m[35mCOMMIT[0m
  [1m[36mActiveRecord::InternalMetadata Load (0.3ms)[0m  [1m[34mSELECT "ar_internal_metadata".* FROM "ar_internal_metadata" WHERE "ar_internal_metadata"."key" = $1 LIMIT $2[0m  [["key", "environment"], ["LIMIT", 1]]
  [1m[35m (0.2ms)[0m  [1m[34mSELECT pg_advisory_unlock(8187680226028313640)[0m
  [1m[35m (0.5ms)[0m  [1m[34mSELECT "schema_migrations"."version" FROM "schema_migrations" ORDER BY "schema_migrations"."version" ASC[0m
  [1m[35m (1.5ms)[0m  [1m[34mSELECT "schema_migrations"."version" FROM "schema_migrations" ORDER BY "schema_migrations"."version" ASC[0m
  [1m[36mBeer Load (4.2ms)[0m  [1m[34mSELECT "beers".* FROM "beers"[0m
  [1m[36mUser Load (2.3ms)[0m  [1m[34mSELECT "users".* FROM "users"[0m
  [1m[36mFavorite Load (4.1ms)[0m  [1m[34mSELECT "favorites".* FROM "favorites"[0m
  [1m[35m (0.4ms)[0m  [1m[34mSELECT "schema_migrations"."version" FROM "schema_migrations" ORDER BY "schema_migrations"."version" ASC[0m
  [1m[36mBeer Load (0.5ms)[0m  [1m[34mSELECT "beers".* FROM "beers"[0m
  [1m[36mUser Load (0.3ms)[0m  [1m[34mSELECT "users".* FROM "users"[0m
  [1m[36mFavorite Load (0.3ms)[0m  [1m[34mSELECT "favorites".* FROM "favorites"[0m
  [1m[36mReview Load (4.5ms)[0m  [1m[34mSELECT "reviews".* FROM "reviews"[0m
  [1m[35m (0.2ms)[0m  [1m[35mBEGIN[0m
  [1m[36mBeer Create (5.5ms)[0m  [1m[32mINSERT INTO "beers" ("name", "brewery", "img_url", "style", "abv", "description", "tasting_notes", "likes", "recommended_drinking", "created_at", "updated_at") VALUES ($1, $2, $3, $4, $5, $6, $7, $8, $9, $10, $11) RETURNING "id"[0m  [["name", "Budweiser"], ["brewery", "AB InBev"], ["img_url", "https://delpapadistributing.com/wp-content/uploads/2018/09/budweiser_pair_02.png"], ["style", "Lager"], ["abv", 5.0], ["description", "Medium bodied, flavorful, crisp lager brewed with the best barley malt and blend of premium hop varieties."], ["tasting_notes", "Crisp taste with a smooth finish. "], ["likes", 0], ["recommended_drinking", "Perfect for all year drinking, grilling, and baseball games."], ["created_at", "2020-08-05 21:38:59.919952"], ["updated_at", "2020-08-05 21:38:59.919952"]]
  [1m[35m (0.5ms)[0m  [1m[35mCOMMIT[0m
  [1m[35m (0.1ms)[0m  [1m[35mBEGIN[0m
  [1m[36mBeer Create (0.2ms)[0m  [1m[32mINSERT INTO "beers" ("name", "brewery", "img_url", "style", "abv", "description", "tasting_notes", "likes", "recommended_drinking", "created_at", "updated_at") VALUES ($1, $2, $3, $4, $5, $6, $7, $8, $9, $10, $11) RETURNING "id"[0m  [["name", "Miller High Life"], ["brewery", "Miller Brewing Co"], ["img_url", "https://dydza6t6xitx6.cloudfront.net/ci-miller-high-life-1c0b560ccca972a0.jpeg"], ["style", "Lager"], ["abv", 4.6], ["description", "True to its original recipe, it’s brewed with a proprietary blend of malted barley, Galena hops from the Pacific Northwest, and Miller yeast."], ["tasting_notes", "Crisp, refreshing, and effervescent "], ["likes", 0], ["recommended_drinking", "BBQs, divebars, and summertime drinking."], ["created_at", "2020-08-05 21:38:59.929184"], ["updated_at", "2020-08-05 21:38:59.929184"]]
  [1m[35m (0.3ms)[0m  [1m[35mCOMMIT[0m
  [1m[35m (0.1ms)[0m  [1m[35mBEGIN[0m
  [1m[36mBeer Create (0.2ms)[0m  [1m[32mINSERT INTO "beers" ("name", "brewery", "img_url", "style", "abv", "description", "tasting_notes", "likes", "recommended_drinking", "created_at", "updated_at") VALUES ($1, $2, $3, $4, $5, $6, $7, $8, $9, $10, $11) RETURNING "id"[0m  [["name", "Pabst Blue Ribbon"], ["brewery", "Pabst Brewing Company"], ["img_url", "https://pabstblueribbon.com/files/pbr-org_1-768x922.png"], ["style", "Lager"], ["abv", 4.8], ["description", "A smooth, full bodied beer with a clean, crisp finish with a fine noble hop aroma."], ["tasting_notes", "Grain, corn"], ["likes", 0], ["recommended_drinking", "Always good for all the time."], ["created_at", "2020-08-05 21:38:59.932197"], ["updated_at", "2020-08-05 21:38:59.932197"]]
  [1m[35m (0.3ms)[0m  [1m[35mCOMMIT[0m
  [1m[35m (0.1ms)[0m  [1m[35mBEGIN[0m
  [1m[36mBeer Create (0.3ms)[0m  [1m[32mINSERT INTO "beers" ("name", "brewery", "img_url", "style", "abv", "description", "tasting_notes", "likes", "recommended_drinking", "created_at", "updated_at") VALUES ($1, $2, $3, $4, $5, $6, $7, $8, $9, $10, $11) RETURNING "id"[0m  [["name", "Fat Tire"], ["brewery", "New Belgium"], ["img_url", "https://products1.imgix.drizly.com/ci-new-belgium-fat-tire-b4e1817093500c47.jpeg?auto=format%2Ccompress&fm=jpg&q=20"], ["style", "Amber Ale"], ["abv", 5.2], ["description", "Easy drinking amber ale with a medium body and light, sweet finish."], ["tasting_notes", "Toasty malt, gentle sweetness, and a flash of fresh hop bitterness"], ["likes", 0], ["recommended_drinking", "Camping and outdoor activities"], ["created_at", "2020-08-05 21:38:59.934849"], ["updated_at", "2020-08-05 21:38:59.934849"]]
  [1m[35m (0.3ms)[0m  [1m[35mCOMMIT[0m
  [1m[35m (0.1ms)[0m  [1m[35mBEGIN[0m
  [1m[36mBeer Create (0.2ms)[0m  [1m[32mINSERT INTO "beers" ("name", "brewery", "img_url", "style", "abv", "description", "tasting_notes", "likes", "recommended_drinking", "created_at", "updated_at") VALUES ($1, $2, $3, $4, $5, $6, $7, $8, $9, $10, $11) RETURNING "id"[0m  [["name", "VooDoo Ranger"], ["brewery", "New Belgium"], ["img_url", "https://www.newbelgium.com/globalassets/beer/voodoo-ranger/vripa_2019_globe_btl.png"], ["style", "IPA"], ["abv", 7.0], ["description", "Bursting with tropical aromas and juicy fruit flavors from Mosaic and Amarillo hops, this golden IPA is perfectly bitter with a refreshing, sublime finish."], ["tasting_notes", "Lightly sweet at first with a stronger, building and perfect bitterness."], ["likes", 0], ["recommended_drinking", "Grilling, outdoor activities"], ["created_at", "2020-08-05 21:38:59.937521"], ["updated_at", "2020-08-05 21:38:59.937521"]]
  [1m[35m (0.4ms)[0m  [1m[35mCOMMIT[0m
  [1m[35m (0.1ms)[0m  [1m[35mBEGIN[0m
  [1m[36mBeer Create (0.2ms)[0m  [1m[32mINSERT INTO "beers" ("name", "brewery", "img_url", "style", "abv", "description", "tasting_notes", "likes", "recommended_drinking", "created_at", "updated_at") VALUES ($1, $2, $3, $4, $5, $6, $7, $8, $9, $10, $11) RETURNING "id"[0m  [["name", "Two Hearted Ale"], ["brewery", "Bells Brewery"], ["img_url", "https://cdn.shopify.com/s/files/1/0227/0581/products/Bells-Two-Hearted-Ale-12OZ-CAN_620x.JPG?v=1587397438"], ["style", "IPA"], ["abv", 7.0], ["description", "Bursting with hop aromas ranging from pine to grapefruit from massive hop additions in both the kettle and the fermenter."], ["tasting_notes", "Bitter Citrus Pine"], ["likes", 0], ["recommended_drinking", "Remarkably drinkable and well suited for adventures everywhere."], ["created_at", "2020-08-05 21:38:59.940142"], ["updated_at", "2020-08-05 21:38:59.940142"]]
  [1m[35m (0.3ms)[0m  [1m[35mCOMMIT[0m
  [1m[35m (0.1ms)[0m  [1m[35mBEGIN[0m
  [1m[36mBeer Create (0.2ms)[0m  [1m[32mINSERT INTO "beers" ("name", "brewery", "img_url", "style", "abv", "description", "tasting_notes", "likes", "recommended_drinking", "created_at", "updated_at") VALUES ($1, $2, $3, $4, $5, $6, $7, $8, $9, $10, $11) RETURNING "id"[0m  [["name", "Pale Ale"], ["brewery", "Sierra Nevada"], ["img_url", "https://products1.imgix.drizly.com/ci-sierra-nevada-pale-ale-972a185439d2f351.jpeg?auto=format%2Ccompress&fm=jpg&q=20"], ["style", "Ale"], ["abv", 5.6], ["description", "Heavy on hops, with intense aromas of pine and citrus."], ["tasting_notes", "Fragrant bouquet and spicy flavor"], ["likes", 0], ["recommended_drinking", "Enjoy outdoors, grilling, bbq, hiking, camping"], ["created_at", "2020-08-05 21:38:59.942875"], ["updated_at", "2020-08-05 21:38:59.942875"]]
  [1m[35m (0.3ms)[0m  [1m[35mCOMMIT[0m
  [1m[35m (0.1ms)[0m  [1m[35mBEGIN[0m
  [1m[36mBeer Create (1.2ms)[0m  [1m[32mINSERT INTO "beers" ("name", "brewery", "img_url", "style", "abv", "description", "tasting_notes", "likes", "recommended_drinking", "created_at", "updated_at") VALUES ($1, $2, $3, $4, $5, $6, $7, $8, $9, $10, $11) RETURNING "id"[0m  [["name", "Road 2 Ruin"], ["brewery", "Two Roads"], ["img_url", "https://www.totalwine.com/dynamic/490x/media/sys_master/twmmedia/h2b/h3d/11348859191326.png"], ["style", "Double IPA"], ["abv", 8.0], ["description", "Big, hoppy IPA with plenty of bite!"], ["tasting_notes", "Pine, citrus, and floral"], ["likes", 0], ["recommended_drinking", "Cooler weather, stronger profiles, having a good time."], ["created_at", "2020-08-05 21:38:59.945553"], ["updated_at", "2020-08-05 21:38:59.945553"]]
  [1m[35m (0.4ms)[0m  [1m[35mCOMMIT[0m
  [1m[35m (0.1ms)[0m  [1m[35mBEGIN[0m
  [1m[36mBeer Create (0.3ms)[0m  [1m[32mINSERT INTO "beers" ("name", "brewery", "img_url", "style", "abv", "description", "tasting_notes", "likes", "recommended_drinking", "created_at", "updated_at") VALUES ($1, $2, $3, $4, $5, $6, $7, $8, $9, $10, $11) RETURNING "id"[0m  [["name", "City Wide"], ["brewery", "4 Hands Brewing Co"], ["img_url", "https://s3.amazonaws.com/liftclient-offloading/4hands/wp-content/uploads/2019/04/CityWide.png"], ["style", "Pale Ale"], ["abv", 5.5], ["description", "An American pale ale that showcases a blend of Centennial, Citra and Simcoe hops"], ["tasting_notes", "Aromas of citrus, melon and tropical fruit tapering to a crisp, juicy finish"], ["likes", 0], ["recommended_drinking", "Summer, grilling, Imos"], ["created_at", "2020-08-05 21:38:59.949752"], ["updated_at", "2020-08-05 21:38:59.949752"]]
  [1m[35m (0.3ms)[0m  [1m[35mCOMMIT[0m
  [1m[35m (0.1ms)[0m  [1m[35mBEGIN[0m
  [1m[36mBeer Create (0.2ms)[0m  [1m[32mINSERT INTO "beers" ("name", "brewery", "img_url", "style", "abv", "description", "tasting_notes", "likes", "recommended_drinking", "created_at", "updated_at") VALUES ($1, $2, $3, $4, $5, $6, $7, $8, $9, $10, $11) RETURNING "id"[0m  [["name", "Sip of Sunshine"], ["brewery", "Lawsons Finest Liquids"], ["img_url", "https://cdn.shopify.com/s/files/1/0058/8854/0731/products/sip-of-sunshine-ipa-161728_1024x1024@2x.jpg?v=1595530054"], ["style", "IPA"], ["abv", 8.0], ["description", "Lupulin-laden India Pale brewed in Stratford, CT."], ["tasting_notes", "Juicy tropical fruit character, bright floral aromas and delectable layers of hop flavor"], ["likes", 0], ["recommended_drinking", "Pour mindfully, inhale deeply and enjoy a tropical vacation in a glass"], ["created_at", "2020-08-05 21:38:59.952600"], ["updated_at", "2020-08-05 21:38:59.952600"]]
  [1m[35m (0.4ms)[0m  [1m[35mCOMMIT[0m
  [1m[35m (0.1ms)[0m  [1m[35mBEGIN[0m
  [1m[36mBeer Create (0.2ms)[0m  [1m[32mINSERT INTO "beers" ("name", "brewery", "img_url", "style", "abv", "description", "tasting_notes", "likes", "recommended_drinking", "created_at", "updated_at") VALUES ($1, $2, $3, $4, $5, $6, $7, $8, $9, $10, $11) RETURNING "id"[0m  [["name", "Toasted Lager"], ["brewery", "Blue Point Brewing Company "], ["img_url", "https://www.bluepointbrewing.com/assets/images/beers/year-round/toasted-lager/toasted-lager-can.png"], ["style", "Lager"], ["abv", 5.5], ["description", "Named for the “toasted” characteristics of the original direct-fire brick kettle, this flagship brew is brewed with a blend of six specialty malts for a rich flavor."], ["tasting_notes", "Balanced malt and hops with a smooth finish."], ["likes", 0], ["recommended_drinking", "fall, pizza, on a boat."], ["created_at", "2020-08-05 21:38:59.955305"], ["updated_at", "2020-08-05 21:38:59.955305"]]
  [1m[35m (0.3ms)[0m  [1m[35mCOMMIT[0m
  [1m[35m (0.1ms)[0m  [1m[35mBEGIN[0m
  [1m[36mBeer Create (0.2ms)[0m  [1m[32mINSERT INTO "beers" ("name", "brewery", "img_url", "style", "abv", "description", "tasting_notes", "likes", "recommended_drinking", "created_at", "updated_at") VALUES ($1, $2, $3, $4, $5, $6, $7, $8, $9, $10, $11) RETURNING "id"[0m  [["name", "IPA"], ["brewery", "Lagunitas Brewing Company"], ["img_url", "https://dydza6t6xitx6.cloudfront.net/ci-lagunitas-ipa-ea3c01b7b5a23bd8.png"], ["style", "IPA"], ["abv", 6.2], ["description", "A well-rounded, highly drinkable IPA"], ["tasting_notes", "A bit of Caramel Malt barley provides the richness that mellows out the twang of the hops."], ["likes", 0], ["recommended_drinking", "mussels, summer, beach"], ["created_at", "2020-08-05 21:38:59.957956"], ["updated_at", "2020-08-05 21:38:59.957956"]]
  [1m[35m (1.3ms)[0m  [1m[35mCOMMIT[0m
  [1m[35m (0.2ms)[0m  [1m[35mBEGIN[0m
  [1m[36mBeer Create (0.2ms)[0m  [1m[32mINSERT INTO "beers" ("name", "brewery", "img_url", "style", "abv", "description", "tasting_notes", "likes", "recommended_drinking", "created_at", "updated_at") VALUES ($1, $2, $3, $4, $5, $6, $7, $8, $9, $10, $11) RETURNING "id"[0m  [["name", "Boston Lager"], ["brewery", "Sam Adams"], ["img_url", "https://i0.wp.com/www.delmesaliquor.com/wp-content/uploads/2020/05/Sam-Adams-Lager.jpeg?fit=696%2C743&ssl=1"], ["style", "Lager"], ["abv", 5.0], ["description", "Helped lead the American beer revolution, reviving a passion for full-flavored brews."], ["tasting_notes", "A distinctive balance of spicy hops, slightly sweet roasted malts, and a smooth finish."], ["likes", 0], ["recommended_drinking", "marathons, all year"], ["created_at", "2020-08-05 21:38:59.961861"], ["updated_at", "2020-08-05 21:38:59.961861"]]
  [1m[35m (0.3ms)[0m  [1m[35mCOMMIT[0m
  [1m[35m (0.1ms)[0m  [1m[35mBEGIN[0m
  [1m[36mBeer Create (0.2ms)[0m  [1m[32mINSERT INTO "beers" ("name", "brewery", "img_url", "style", "abv", "description", "tasting_notes", "likes", "recommended_drinking", "created_at", "updated_at") VALUES ($1, $2, $3, $4, $5, $6, $7, $8, $9, $10, $11) RETURNING "id"[0m  [["name", "Guinness"], ["brewery", "Guinness and Co"], ["img_url", "https://assets.bizjournals.com/boston/news/0317-Guinness-courtesy-Diageo.jpg?v=3"], ["style", "Stout"], ["abv", 4.2], ["description", "Rich and creamy. Distinctively black. This iconic beer is unmistakeable."], ["tasting_notes", "Bitter sweet with notes of malt and roast. Rich, creamy, and velvety smooth."], ["likes", 0], ["recommended_drinking", "St.Patricks Day, in Ireland, winter"], ["created_at", "2020-08-05 21:38:59.964783"], ["updated_at", "2020-08-05 21:38:59.964783"]]
  [1m[35m (0.3ms)[0m  [1m[35mCOMMIT[0m
  [1m[35m (0.1ms)[0m  [1m[35mBEGIN[0m
  [1m[36mBeer Create (0.2ms)[0m  [1m[32mINSERT INTO "beers" ("name", "brewery", "img_url", "style", "abv", "description", "tasting_notes", "likes", "recommended_drinking", "created_at", "updated_at") VALUES ($1, $2, $3, $4, $5, $6, $7, $8, $9, $10, $11) RETURNING "id"[0m  [["name", "Prima Pils"], ["brewery", "Victory Brewing Co"], ["img_url", "https://dydza6t6xitx6.cloudfront.net/ci-victory-prima-pils-53e84a166ec6bb50.png"], ["style", "Pilsner"], ["abv", 5.3], ["description", "This is truly brilliant beer, bringing nuanced complexity together with smooth, easy drinking."], ["tasting_notes", "A crisp yet distinct Pilsner brewed with German hops that bring vivid notes of floral and spice with citrus and lemon."], ["likes", 0], ["recommended_drinking", "year round, beach, grilling, easy drinking"], ["created_at", "2020-08-05 21:38:59.967417"], ["updated_at", "2020-08-05 21:38:59.967417"]]
  [1m[35m (0.4ms)[0m  [1m[35mCOMMIT[0m
  [1m[35m (0.1ms)[0m  [1m[35mBEGIN[0m
  [1m[36mBeer Create (0.2ms)[0m  [1m[32mINSERT INTO "beers" ("name", "brewery", "img_url", "style", "abv", "description", "tasting_notes", "likes", "recommended_drinking", "created_at", "updated_at") VALUES ($1, $2, $3, $4, $5, $6, $7, $8, $9, $10, $11) RETURNING "id"[0m  [["name", "Resin"], ["brewery", "Sixpoint Brewery"], ["img_url", "https://sixpoint.com/wp-content/uploads/2012/02/resin_can.jpg"], ["style", "Double IPA"], ["abv", 9.1], ["description", "Key Ingredients, Chinook and Centennial Hops, are a little old school, with tons of resin and pine notes. Resin uses a ton of different hops, for a massively complex hop bouquet."], ["tasting_notes", "Hop candy up front, but drinks super clean for the size of the beer."], ["likes", 0], ["recommended_drinking", "looking for something strong, bold taste, cooler weather."], ["created_at", "2020-08-05 21:38:59.970114"], ["updated_at", "2020-08-05 21:38:59.970114"]]
  [1m[35m (0.3ms)[0m  [1m[35mCOMMIT[0m
  [1m[35m (0.1ms)[0m  [1m[35mBEGIN[0m
  [1m[36mBeer Create (0.2ms)[0m  [1m[32mINSERT INTO "beers" ("name", "brewery", "img_url", "style", "abv", "description", "tasting_notes", "likes", "recommended_drinking", "created_at", "updated_at") VALUES ($1, $2, $3, $4, $5, $6, $7, $8, $9, $10, $11) RETURNING "id"[0m  [["name", "Jammer"], ["brewery", "Sixpoint Brewery"], ["img_url", "https://sixpoint.com/wp-content/uploads/2019/04/sixpoint-site-jammer.png"], ["style", "Gose"], ["abv", 4.0], ["description", "Tart enough to tingle the tastebuds, but not so sour that you can’t throw back a few."], ["tasting_notes", "A refreshing, tart brew balanced with a fruity coriander aroma and a touch of sea salt."], ["likes", 0], ["recommended_drinking", "summer, beach, day drinking, slamming"], ["created_at", "2020-08-05 21:38:59.972769"], ["updated_at", "2020-08-05 21:38:59.972769"]]
  [1m[35m (0.3ms)[0m  [1m[35mCOMMIT[0m
  [1m[35m (0.1ms)[0m  [1m[35mBEGIN[0m
  [1m[36mBeer Create (0.2ms)[0m  [1m[32mINSERT INTO "beers" ("name", "brewery", "img_url", "style", "abv", "description", "tasting_notes", "likes", "recommended_drinking", "created_at", "updated_at") VALUES ($1, $2, $3, $4, $5, $6, $7, $8, $9, $10, $11) RETURNING "id"[0m  [["name", "Watermelon Session Ale"], ["brewery", "Montauk Brewing Company"], ["img_url", "https://products1.imgix.drizly.com/ci-montauk-watermelon-session-ale-10693946b59344d5.png?auto=format%2Ccompress&fm=jpg&q=20"], ["style", "Ale"], ["abv", 4.9], ["description", "This highly refreshing brew combines delicious watermelon flavors with a crisp Session Ale that is perfect for sipping under the summer sun."], ["tasting_notes", "Watermelon"], ["likes", 0], ["recommended_drinking", "seasonal, summer, beach, sun"], ["created_at", "2020-08-05 21:38:59.975385"], ["updated_at", "2020-08-05 21:38:59.975385"]]
  [1m[35m (0.3ms)[0m  [1m[35mCOMMIT[0m
  [1m[35m (0.1ms)[0m  [1m[35mBEGIN[0m
  [1m[36mBeer Create (0.2ms)[0m  [1m[32mINSERT INTO "beers" ("name", "brewery", "img_url", "style", "abv", "description", "tasting_notes", "likes", "recommended_drinking", "created_at", "updated_at") VALUES ($1, $2, $3, $4, $5, $6, $7, $8, $9, $10, $11) RETURNING "id"[0m  [["name", "Gose"], ["brewery", "Westbrook Brewing Co"], ["img_url", "https://dydza6t6xitx6.cloudfront.net/ci-westbrook-gose-c19431796be957eb.jpeg"], ["style", "Gose"], ["abv", 4.0], ["description", "Tart wheat beer with a touch of sea salt."], ["tasting_notes", "Coriander, sea salt, sour - delicious."], ["likes", 0], ["recommended_drinking", "summer, beach, slamming"], ["created_at", "2020-08-05 21:38:59.978078"], ["updated_at", "2020-08-05 21:38:59.978078"]]
  [1m[35m (0.4ms)[0m  [1m[35mCOMMIT[0m
  [1m[35m (0.1ms)[0m  [1m[35mBEGIN[0m
  [1m[36mBeer Create (0.2ms)[0m  [1m[32mINSERT INTO "beers" ("name", "brewery", "img_url", "style", "abv", "description", "tasting_notes", "likes", "recommended_drinking", "created_at", "updated_at") VALUES ($1, $2, $3, $4, $5, $6, $7, $8, $9, $10, $11) RETURNING "id"[0m  [["name", "All Galaxy Everything"], ["brewery", "Other Half Brewing"], ["img_url", "https://craftpeak-cooler-images.imgix.net/other-half-brewing/All-Galaxy-Everything.png?auto=compress%2Cformat&fit=scale&h=1024&ixlib=php-1.2.1&w=1024&wpsize=large"], ["style", "Imperial IPA"], ["abv", 8.5], ["description", "Single hop style IPA."], ["tasting_notes", "Pungent passion fruit forward Galaxy hops."], ["likes", 0], ["recommended_drinking", "slow sipping, higher ABV"], ["created_at", "2020-08-05 21:38:59.990381"], ["updated_at", "2020-08-05 21:38:59.990381"]]
  [1m[35m (0.4ms)[0m  [1m[35mCOMMIT[0m
  [1m[35m (0.1ms)[0m  [1m[35mBEGIN[0m
  [1m[36mBeer Create (0.5ms)[0m  [1m[32mINSERT INTO "beers" ("name", "brewery", "img_url", "style", "abv", "description", "tasting_notes", "likes", "recommended_drinking", "created_at", "updated_at") VALUES ($1, $2, $3, $4, $5, $6, $7, $8, $9, $10, $11) RETURNING "id"[0m  [["name", "Sippin Pretty"], ["brewery", "Odell Brewing Co"], ["img_url", "https://www.odellbrewing.com/wp-content/uploads/2020/05/Sippin-Pretty-Hero.png"], ["style", "Fruited Sour"], ["abv", 4.5], ["description", "Loaded with a unique blend of açai, guava, and elderberry, and balanced with a delicate addition of Himalayan pink sea salt, this beer pops with a bright ruby color and a refreshing tart finish."], ["tasting_notes", "Acai, guava, and elderberry."], ["likes", 0], ["recommended_drinking", "seasonal, summer, beach, slamming"], ["created_at", "2020-08-05 21:38:59.993472"], ["updated_at", "2020-08-05 21:38:59.993472"]]
  [1m[35m (0.4ms)[0m  [1m[35mCOMMIT[0m
  [1m[35m (0.1ms)[0m  [1m[35mBEGIN[0m
  [1m[36mBeer Create (0.3ms)[0m  [1m[32mINSERT INTO "beers" ("name", "brewery", "img_url", "style", "abv", "description", "tasting_notes", "likes", "recommended_drinking", "created_at", "updated_at") VALUES ($1, $2, $3, $4, $5, $6, $7, $8, $9, $10, $11) RETURNING "id"[0m  [["name", "Coors Banquet"], ["brewery", "Coors Brewing Company"], ["img_url", "https://products2.imgix.drizly.com/ci-coors-banquet-2377c317e74b4b3c.jpeg?auto=format%2Ccompress&fm=jpg&q=20"], ["style", "Lager"], ["abv", 5.0], ["description", "Coors Banquet is brewed with 100% Rocky Mountain water and Moravian barley from many generations of family farmers"], ["tasting_notes", "The subtle blend of Chinook, Hallertau, Herkules and Taurus hops gives Coors Banquet just the perfect hint of bitterness to offset the malty sweetness"], ["likes", 0], ["recommended_drinking", "all year, slamming, outdoors"], ["created_at", "2020-08-05 21:38:59.996965"], ["updated_at", "2020-08-05 21:38:59.996965"]]
  [1m[35m (0.3ms)[0m  [1m[35mCOMMIT[0m
  [1m[35m (0.1ms)[0m  [1m[35mBEGIN[0m
  [1m[36mBeer Create (0.3ms)[0m  [1m[32mINSERT INTO "beers" ("name", "brewery", "img_url", "style", "abv", "description", "tasting_notes", "likes", "recommended_drinking", "created_at", "updated_at") VALUES ($1, $2, $3, $4, $5, $6, $7, $8, $9, $10, $11) RETURNING "id"[0m  [["name", "312"], ["brewery", "Goose Island"], ["img_url", "https://products2.imgix.drizly.com/ci-goose-island-312-urban-wheat-ale-14beb4546d433a46.jpeg?auto=format%2Ccompress&fm=jpg&q=20"], ["style", "Wheat Ale"], ["abv", 4.2], ["description", "A crisp, fruity ale flavor delivered in a smooth, creamy body that is immensely refreshing."], ["tasting_notes", "Lemon, spicy aroma"], ["likes", 0], ["recommended_drinking", "all year, beach, get-togethers"], ["created_at", "2020-08-05 21:39:00.000188"], ["updated_at", "2020-08-05 21:39:00.000188"]]
  [1m[35m (0.3ms)[0m  [1m[35mCOMMIT[0m
  [1m[35m (0.1ms)[0m  [1m[35mBEGIN[0m
  [1m[36mBeer Create (0.2ms)[0m  [1m[32mINSERT INTO "beers" ("name", "brewery", "img_url", "style", "abv", "description", "tasting_notes", "likes", "recommended_drinking", "created_at", "updated_at") VALUES ($1, $2, $3, $4, $5, $6, $7, $8, $9, $10, $11) RETURNING "id"[0m  [["name", "Numero Uno"], ["brewery", "Flying Dog Brewery"], ["img_url", "https://lh3.googleusercontent.com/yKjw7-elFFA-E22U4m4-iWBxNSF0zfmu0eeJ3VGc4K2m2c3rfRZA55Xtn2xG3r6UsVJ_Hvu2JUknPEYtk7SHcePaRGaRAQ=s750"], ["style", "Mexican Lager"], ["abv", 4.9], ["description", "Refreshing lager that brings bold, bright lime zest flavor and a crisp, clean finish"], ["tasting_notes", "lime and agave"], ["likes", 0], ["recommended_drinking", "beach, summer, hot weather, Cinco de Mayo"], ["created_at", "2020-08-05 21:39:00.003385"], ["updated_at", "2020-08-05 21:39:00.003385"]]
  [1m[35m (0.4ms)[0m  [1m[35mCOMMIT[0m
  [1m[35m (0.1ms)[0m  [1m[35mBEGIN[0m
  [1m[36mBeer Create (1.0ms)[0m  [1m[32mINSERT INTO "beers" ("name", "brewery", "img_url", "style", "abv", "description", "tasting_notes", "likes", "recommended_drinking", "created_at", "updated_at") VALUES ($1, $2, $3, $4, $5, $6, $7, $8, $9, $10, $11) RETURNING "id"[0m  [["name", "SeaQuench Ale"], ["brewery", "Dogfish Head Craft Brewery "], ["img_url", "https://cdn.shopify.com/s/files/1/0227/0581/products/Dogfish-Head-SeaQuench-Sour-Ale-12OZ-CAN_417f509f-9ac7-4ec7-b0b8-c9f26be40cb5_620x.png?v=1531727454"], ["style", "Sour"], ["abv", 4.9], ["description", "Amazingly tart, refreshingly crsip."], ["tasting_notes", "Flavors of lime and the deeper slight bitter of black lime, a touch of salt on the tongue, and a bit of malt sweetness in the finish."], ["likes", 0], ["recommended_drinking", "summer, beach, slammning, get-togethers"], ["created_at", "2020-08-05 21:39:00.006065"], ["updated_at", "2020-08-05 21:39:00.006065"]]
  [1m[35m (5.1ms)[0m  [1m[35mCOMMIT[0m
  [1m[35m (0.1ms)[0m  [1m[35mBEGIN[0m
  [1m[36mBeer Create (0.3ms)[0m  [1m[32mINSERT INTO "beers" ("name", "brewery", "img_url", "style", "abv", "description", "tasting_notes", "likes", "recommended_drinking", "created_at", "updated_at") VALUES ($1, $2, $3, $4, $5, $6, $7, $8, $9, $10, $11) RETURNING "id"[0m  [["name", "White"], ["brewery", "Allagash"], ["img_url", "https://www.allagash.com/wp-content/uploads/White-2.19.20.png"], ["style", "Belgian Style Wheat"], ["abv", 5.2], ["description", "Allagash White features a refreshing balance of citrus and spice in this hazy Belgian-style wheat beer."], ["tasting_notes", "Coriander and Curaçao orange peel."], ["likes", 0], ["recommended_drinking", "easy drinking, summer, beach, Maine."], ["created_at", "2020-08-05 21:39:00.015243"], ["updated_at", "2020-08-05 21:39:00.015243"]]
  [1m[35m (0.3ms)[0m  [1m[35mCOMMIT[0m
  [1m[35m (0.1ms)[0m  [1m[35mBEGIN[0m
  [1m[36mBeer Create (0.3ms)[0m  [1m[32mINSERT INTO "beers" ("name", "brewery", "img_url", "style", "abv", "description", "tasting_notes", "likes", "recommended_drinking", "created_at", "updated_at") VALUES ($1, $2, $3, $4, $5, $6, $7, $8, $9, $10, $11) RETURNING "id"[0m  [["name", "All Day IPA"], ["brewery", "Founders"], ["img_url", "https://dydza6t6xitx6.cloudfront.net/ci-founders-all-day-ipa-f3e4b9d140c8abe0.png"], ["style", "IPA"], ["abv", 4.7], ["description", "Naturally brewed with a complex array of malts, grains and hops. Balanced for optimal aromatics and a clean finish."], ["tasting_notes", "hop, orange, tangerine, pine."], ["likes", 0], ["recommended_drinking", "all day, all year, get-togethers"], ["created_at", "2020-08-05 21:39:00.018941"], ["updated_at", "2020-08-05 21:39:00.018941"]]
  [1m[35m (0.3ms)[0m  [1m[35mCOMMIT[0m
  [1m[35m (0.2ms)[0m  [1m[35mBEGIN[0m
  [1m[36mBeer Create (0.4ms)[0m  [1m[32mINSERT INTO "beers" ("name", "brewery", "img_url", "style", "abv", "description", "tasting_notes", "likes", "recommended_drinking", "created_at", "updated_at") VALUES ($1, $2, $3, $4, $5, $6, $7, $8, $9, $10, $11) RETURNING "id"[0m  [["name", "Save the Robots"], ["brewery", "Radiant Pig"], ["img_url", "https://dydza6t6xitx6.cloudfront.net/ci-radiant-pig-save-the-robots-east-coast-ipa-e3fff96edbd8f4c1.png"], ["style", "IPA"], ["abv", 7.0], ["description", "Big IPA that drinks easy"], ["tasting_notes", "This hazy, unfiltered gem has juicy, tropical, flavors that span the hop multiverse."], ["likes", 0], ["recommended_drinking", "slamming IPAs, all year, bold flavor."], ["created_at", "2020-08-05 21:39:00.022568"], ["updated_at", "2020-08-05 21:39:00.022568"]]
  [1m[35m (0.4ms)[0m  [1m[35mCOMMIT[0m
  [1m[35m (0.1ms)[0m  [1m[35mBEGIN[0m
  [1m[36mBeer Create (0.2ms)[0m  [1m[32mINSERT INTO "beers" ("name", "brewery", "img_url", "style", "abv", "description", "tasting_notes", "likes", "recommended_drinking", "created_at", "updated_at") VALUES ($1, $2, $3, $4, $5, $6, $7, $8, $9, $10, $11) RETURNING "id"[0m  [["name", "Sour Patch Suds"], ["brewery", "Mikkeller Brewing"], ["img_url", "https://dydza6t6xitx6.cloudfront.net/ci-mikkeller-nyc-sour-pitch-suds-b25d978cc6c3f3d7.jpeg"], ["style", "Sour IPA"], ["abv", 7.0], ["description", "Punch-style Sour IPA"], ["tasting_notes", "Cherry, pomegranate, key lime, pineapple, tangerine, passion fruit, lemon zest."], ["likes", 0], ["recommended_drinking", "feeling funky, summer, something new, interesting"], ["created_at", "2020-08-05 21:39:00.026464"], ["updated_at", "2020-08-05 21:39:00.026464"]]
  [1m[35m (0.3ms)[0m  [1m[35mCOMMIT[0m
  [1m[35m (0.1ms)[0m  [1m[35mBEGIN[0m
  [1m[36mBeer Create (0.2ms)[0m  [1m[32mINSERT INTO "beers" ("name", "brewery", "img_url", "style", "abv", "description", "tasting_notes", "likes", "recommended_drinking", "created_at", "updated_at") VALUES ($1, $2, $3, $4, $5, $6, $7, $8, $9, $10, $11) RETURNING "id"[0m  [["name", "Spotted Cow"], ["brewery", "New Glarus Brewing Co"], ["img_url", "https://i5.walmartimages.com/asr/047577b3-3384-4250-9218-e6b985448a0b_1.965650c07f41f76ad565b8a47492d9e7.jpeg?odnWidth=612&odnHeight=612&odnBg=ffffff"], ["style", "Naturally Cloudy Farmhouse Ale"], ["abv", 4.8], ["description", "Naturally cloudy, the yeast is allowed to remain in the bottle to enhance fullness of flavors."], ["tasting_notes", "Fun, Fruity and Satisfying"], ["likes", 0], ["recommended_drinking", "feeling funky, Wisconsin, all year"], ["created_at", "2020-08-05 21:39:00.029532"], ["updated_at", "2020-08-05 21:39:00.029532"]]
  [1m[35m (0.4ms)[0m  [1m[35mCOMMIT[0m
  [1m[35m (0.1ms)[0m  [1m[35mBEGIN[0m
  [1m[36mBeer Create (0.2ms)[0m  [1m[32mINSERT INTO "beers" ("name", "brewery", "img_url", "style", "abv", "description", "tasting_notes", "likes", "recommended_drinking", "created_at", "updated_at") VALUES ($1, $2, $3, $4, $5, $6, $7, $8, $9, $10, $11) RETURNING "id"[0m  [["name", "Unfiltered Wheat"], ["brewery", "Boulevard Brewing Co"], ["img_url", "https://images.ctfassets.net/qe08557i7rmu/5d5OntyFfayQOKmOkkCucm/fd6317ba405ec7dcfa08333f5e1e4180/Boulevard-Unfiltered-Wheat-web.jpg?w=900"], ["style", "Unfiltered Wheat"], ["abv", 4.4], ["description", "Boulevard Unfiltered Wheat Beer is a lively, refreshing ale with a natural citrusy flavor and distinctive cloudy appearance."], ["tasting_notes", "Wheat and Lemon"], ["likes", 0], ["recommended_drinking", "all year, refreshing, summer, bbq"], ["created_at", "2020-08-05 21:39:00.032435"], ["updated_at", "2020-08-05 21:39:00.032435"]]
  [1m[35m (0.3ms)[0m  [1m[35mCOMMIT[0m
  [1m[35m (0.1ms)[0m  [1m[35mBEGIN[0m
  [1m[36mBeer Create (0.2ms)[0m  [1m[32mINSERT INTO "beers" ("name", "brewery", "img_url", "style", "abv", "description", "tasting_notes", "likes", "recommended_drinking", "created_at", "updated_at") VALUES ($1, $2, $3, $4, $5, $6, $7, $8, $9, $10, $11) RETURNING "id"[0m  [["name", "Labatt Blue"], ["brewery", "Labatt"], ["img_url", "https://dydza6t6xitx6.cloudfront.net/ci-labatt-blue-166b3625536163c9.png"], ["style", "Canadian Pilsner"], ["abv", 5.0], ["description", "Labatt Blue has a clean refreshing taste with distinct hop aroma."], ["tasting_notes", "Delicate fruit flavor and a slightly sweet aftertaste."], ["likes", 0], ["recommended_drinking", "slamming, all year, Canada, drinkable."], ["created_at", "2020-08-05 21:39:00.035077"], ["updated_at", "2020-08-05 21:39:00.035077"]]
  [1m[35m (0.3ms)[0m  [1m[35mCOMMIT[0m
  [1m[36mBeer Load (1.6ms)[0m  [1m[34mSELECT "beers".* FROM "beers" ORDER BY "beers"."id" ASC LIMIT $1[0m  [["LIMIT", 1]]
Started GET "/" for ::1 at 2020-08-05 17:41:19 -0400
  [1m[35m (0.5ms)[0m  [1m[34mSELECT "schema_migrations"."version" FROM "schema_migrations" ORDER BY "schema_migrations"."version" ASC[0m
Processing by Rails::WelcomeController#index as HTML
  Rendering /Users/kevinneyer/.rvm/gems/ruby-2.6.1/gems/railties-6.0.3.2/lib/rails/templates/rails/welcome/index.html.erb
  Rendered /Users/kevinneyer/.rvm/gems/ruby-2.6.1/gems/railties-6.0.3.2/lib/rails/templates/rails/welcome/index.html.erb (Duration: 8.7ms | Allocations: 480)
Completed 200 OK in 23ms (Views: 15.8ms | ActiveRecord: 0.0ms | Allocations: 2630)


Started GET "/api/v1/beers" for ::1 at 2020-08-05 17:41:25 -0400
Processing by Api::V1::BeersController#index as HTML
  [1m[36mBeer Load (1.5ms)[0m  [1m[34mSELECT "beers".* FROM "beers" LIMIT $1[0m  [["LIMIT", 11]]
Completed 500 Internal Server Error in 54ms (ActiveRecord: 0.0ms | Allocations: 14730)


  [1m[36mCACHE Beer Load (0.0ms)[0m  [1m[34mSELECT "beers".* FROM "beers" LIMIT $1[0m  [["LIMIT", 11]]
  
NoMethodError (undefined method `key?' for #<Beer::ActiveRecord_Relation:0x00007ff9e81c9528>):
  
app/controllers/api/v1/beers_controller.rb:5:in `index'
Started GET "/api/v1/beers" for ::1 at 2020-08-05 17:42:11 -0400
  [1m[35m (0.5ms)[0m  [1m[34mSELECT "schema_migrations"."version" FROM "schema_migrations" ORDER BY "schema_migrations"."version" ASC[0m
  
SyntaxError (/Users/kevinneyer/Flatiron/code/Mod_5/biergarten-backend/biergarten-api/app/controllers/api/v1/beers_controller.rb:5: syntax error, unexpected tIDENTIFIER, expecting end
      render :json beers 
                   ^~~~~
/Users/kevinneyer/Flatiron/code/Mod_5/biergarten-backend/biergarten-api/app/controllers/api/v1/beers_controller.rb:10: syntax error, unexpected tIDENTIFIER, expecting end
        render :json beer 
                     ^~~~):
  
app/controllers/api/v1/beers_controller.rb:5: syntax error, unexpected tIDENTIFIER, expecting end
app/controllers/api/v1/beers_controller.rb:10: syntax error, unexpected tIDENTIFIER, expecting end
app/controllers/api/v1/beers_controller.rb:5: syntax error, unexpected tIDENTIFIER, expecting end
app/controllers/api/v1/beers_controller.rb:10: syntax error, unexpected tIDENTIFIER, expecting end
Started GET "/api/v1/beers" for ::1 at 2020-08-05 17:42:26 -0400
Processing by Api::V1::BeersController#index as HTML
  [1m[36mBeer Load (0.6ms)[0m  [1m[34mSELECT "beers".* FROM "beers"[0m
  ↳ app/controllers/api/v1/beers_controller.rb:5:in `index'
Completed 200 OK in 26ms (Views: 15.7ms | ActiveRecord: 3.8ms | Allocations: 18966)


